<?xml version="1.0" encoding="UTF-8"?>
<testsuite xmlns:xsi="http://www.w3.org/2001/XMLSchema-instance" xsi:noNamespaceSchemaLocation="https://maven.apache.org/surefire/maven-surefire-plugin/xsd/surefire-test-report-3.0.xsd" version="3.0" name="it.unipi.dsmt.MainTest" time="0.032" tests="1" errors="0" skipped="0" failures="0">
  <properties>
    <property name="java.specification.version" value="21"/>
    <property name="sun.cpu.isalist" value="amd64"/>
    <property name="sun.jnu.encoding" value="Cp1252"/>
    <property name="java.class.path" value="C:\Users\ardui\Documents\GitHub\DSMT-Project\flink-processor\violation-detector\target\test-classes;C:\Users\ardui\Documents\GitHub\DSMT-Project\flink-processor\violation-detector\target\classes;C:\Users\ardui\.m2\repository\org\apache\logging\log4j\log4j-slf4j2-impl\2.20.0\log4j-slf4j2-impl-2.20.0.jar;C:\Users\ardui\.m2\repository\org\apache\logging\log4j\log4j-api\2.20.0\log4j-api-2.20.0.jar;C:\Users\ardui\.m2\repository\org\slf4j\slf4j-api\2.0.6\slf4j-api-2.0.6.jar;C:\Users\ardui\.m2\repository\org\apache\logging\log4j\log4j-core\2.20.0\log4j-core-2.20.0.jar;C:\Users\ardui\.m2\repository\io\jenetics\jpx\3.0.1\jpx-3.0.1.jar;C:\Users\ardui\.m2\repository\org\apache\flink\flink-connector-kafka\3.0.1-1.18\flink-connector-kafka-3.0.1-1.18.jar;C:\Users\ardui\.m2\repository\org\apache\flink\flink-connector-base\1.17.0\flink-connector-base-1.17.0.jar;C:\Users\ardui\.m2\repository\com\fasterxml\jackson\core\jackson-core\2.15.2\jackson-core-2.15.2.jar;C:\Users\ardui\.m2\repository\com\fasterxml\jackson\datatype\jackson-datatype-jsr310\2.15.2\jackson-datatype-jsr310-2.15.2.jar;C:\Users\ardui\.m2\repository\com\fasterxml\jackson\datatype\jackson-datatype-jdk8\2.15.2\jackson-datatype-jdk8-2.15.2.jar;C:\Users\ardui\.m2\repository\org\apache\flink\flink-streaming-java\1.18.0\flink-streaming-java-1.18.0.jar;C:\Users\ardui\.m2\repository\org\apache\flink\flink-core\1.18.0\flink-core-1.18.0.jar;C:\Users\ardui\.m2\repository\org\apache\flink\flink-annotations\1.18.0\flink-annotations-1.18.0.jar;C:\Users\ardui\.m2\repository\org\apache\flink\flink-metrics-core\1.18.0\flink-metrics-core-1.18.0.jar;C:\Users\ardui\.m2\repository\org\apache\flink\flink-shaded-asm-9\9.5-17.0\flink-shaded-asm-9-9.5-17.0.jar;C:\Users\ardui\.m2\repository\org\apache\flink\flink-shaded-jackson\2.14.2-17.0\flink-shaded-jackson-2.14.2-17.0.jar;C:\Users\ardui\.m2\repository\org\apache\commons\commons-lang3\3.12.0\commons-lang3-3.12.0.jar;C:\Users\ardui\.m2\repository\org\apache\commons\commons-text\1.10.0\commons-text-1.10.0.jar;C:\Users\ardui\.m2\repository\com\esotericsoftware\kryo\kryo\2.24.0\kryo-2.24.0.jar;C:\Users\ardui\.m2\repository\com\esotericsoftware\minlog\minlog\1.2\minlog-1.2.jar;C:\Users\ardui\.m2\repository\org\objenesis\objenesis\2.1\objenesis-2.1.jar;C:\Users\ardui\.m2\repository\commons-collections\commons-collections\3.2.2\commons-collections-3.2.2.jar;C:\Users\ardui\.m2\repository\org\apache\flink\flink-file-sink-common\1.18.0\flink-file-sink-common-1.18.0.jar;C:\Users\ardui\.m2\repository\org\apache\flink\flink-runtime\1.18.0\flink-runtime-1.18.0.jar;C:\Users\ardui\.m2\repository\org\apache\flink\flink-rpc-core\1.18.0\flink-rpc-core-1.18.0.jar;C:\Users\ardui\.m2\repository\org\apache\flink\flink-rpc-akka-loader\1.18.0\flink-rpc-akka-loader-1.18.0.jar;C:\Users\ardui\.m2\repository\org\apache\flink\flink-queryable-state-client-java\1.18.0\flink-queryable-state-client-java-1.18.0.jar;C:\Users\ardui\.m2\repository\org\apache\flink\flink-hadoop-fs\1.18.0\flink-hadoop-fs-1.18.0.jar;C:\Users\ardui\.m2\repository\commons-io\commons-io\2.11.0\commons-io-2.11.0.jar;C:\Users\ardui\.m2\repository\org\apache\flink\flink-shaded-netty\4.1.91.Final-17.0\flink-shaded-netty-4.1.91.Final-17.0.jar;C:\Users\ardui\.m2\repository\org\apache\flink\flink-shaded-zookeeper-3\3.7.1-17.0\flink-shaded-zookeeper-3-3.7.1-17.0.jar;C:\Users\ardui\.m2\repository\commons-cli\commons-cli\1.5.0\commons-cli-1.5.0.jar;C:\Users\ardui\.m2\repository\org\javassist\javassist\3.24.0-GA\javassist-3.24.0-GA.jar;C:\Users\ardui\.m2\repository\org\apache\flink\flink-java\1.18.0\flink-java-1.18.0.jar;C:\Users\ardui\.m2\repository\com\twitter\chill-java\0.7.6\chill-java-0.7.6.jar;C:\Users\ardui\.m2\repository\org\apache\flink\flink-shaded-guava\31.1-jre-17.0\flink-shaded-guava-31.1-jre-17.0.jar;C:\Users\ardui\.m2\repository\org\apache\commons\commons-math3\3.6.1\commons-math3-3.6.1.jar;C:\Users\ardui\.m2\repository\com\google\code\findbugs\jsr305\1.3.9\jsr305-1.3.9.jar;C:\Users\ardui\.m2\repository\org\projectlombok\lombok\1.18.30\lombok-1.18.30.jar;C:\Users\ardui\.m2\repository\org\apache\kafka\kafka-clients\3.6.0\kafka-clients-3.6.0.jar;C:\Users\ardui\.m2\repository\com\github\luben\zstd-jni\1.5.5-1\zstd-jni-1.5.5-1.jar;C:\Users\ardui\.m2\repository\org\lz4\lz4-java\1.8.0\lz4-java-1.8.0.jar;C:\Users\ardui\.m2\repository\org\xerial\snappy\snappy-java\1.1.10.4\snappy-java-1.1.10.4.jar;C:\Users\ardui\.m2\repository\org\apache\flink\flink-json\1.18.0\flink-json-1.18.0.jar;C:\Users\ardui\.m2\repository\org\testcontainers\testcontainers\1.17.6\testcontainers-1.17.6.jar;C:\Users\ardui\.m2\repository\junit\junit\4.13.2\junit-4.13.2.jar;C:\Users\ardui\.m2\repository\org\hamcrest\hamcrest-core\1.3\hamcrest-core-1.3.jar;C:\Users\ardui\.m2\repository\org\apache\commons\commons-compress\1.22\commons-compress-1.22.jar;C:\Users\ardui\.m2\repository\org\rnorth\duct-tape\duct-tape\1.0.8\duct-tape-1.0.8.jar;C:\Users\ardui\.m2\repository\org\jetbrains\annotations\17.0.0\annotations-17.0.0.jar;C:\Users\ardui\.m2\repository\com\github\docker-java\docker-java-api\3.2.13\docker-java-api-3.2.13.jar;C:\Users\ardui\.m2\repository\com\github\docker-java\docker-java-transport-zerodep\3.2.13\docker-java-transport-zerodep-3.2.13.jar;C:\Users\ardui\.m2\repository\com\github\docker-java\docker-java-transport\3.2.13\docker-java-transport-3.2.13.jar;C:\Users\ardui\.m2\repository\net\java\dev\jna\jna\5.8.0\jna-5.8.0.jar;C:\Users\ardui\.m2\repository\org\json\json\20231013\json-20231013.jar;C:\Users\ardui\.m2\repository\com\fasterxml\jackson\core\jackson-databind\2.16.0\jackson-databind-2.16.0.jar;C:\Users\ardui\.m2\repository\com\fasterxml\jackson\core\jackson-annotations\2.16.0\jackson-annotations-2.16.0.jar;"/>
    <property name="java.vm.vendor" value="Oracle Corporation"/>
    <property name="sun.arch.data.model" value="64"/>
    <property name="user.variant" value=""/>
    <property name="java.vendor.url" value="https://java.oracle.com/"/>
    <property name="user.timezone" value="Europe/Rome"/>
    <property name="os.name" value="Windows 10"/>
    <property name="java.vm.specification.version" value="21"/>
    <property name="sun.java.launcher" value="SUN_STANDARD"/>
    <property name="user.country" value="IT"/>
    <property name="sun.boot.library.path" value="C:\Program Files\Java\jdk-21\bin"/>
    <property name="sun.java.command" value="C:\Users\ardui\AppData\Local\Temp\surefire16727607756496411554\surefirebooter-20240128213246550_3.jar C:\Users\ardui\AppData\Local\Temp\surefire16727607756496411554 2024-01-28T21-32-46_420-jvmRun1 surefire-20240128213246550_1tmp surefire_0-20240128213246550_2tmp"/>
    <property name="jdk.debug" value="release"/>
    <property name="surefire.test.class.path" value="C:\Users\ardui\Documents\GitHub\DSMT-Project\flink-processor\violation-detector\target\test-classes;C:\Users\ardui\Documents\GitHub\DSMT-Project\flink-processor\violation-detector\target\classes;C:\Users\ardui\.m2\repository\org\apache\logging\log4j\log4j-slf4j2-impl\2.20.0\log4j-slf4j2-impl-2.20.0.jar;C:\Users\ardui\.m2\repository\org\apache\logging\log4j\log4j-api\2.20.0\log4j-api-2.20.0.jar;C:\Users\ardui\.m2\repository\org\slf4j\slf4j-api\2.0.6\slf4j-api-2.0.6.jar;C:\Users\ardui\.m2\repository\org\apache\logging\log4j\log4j-core\2.20.0\log4j-core-2.20.0.jar;C:\Users\ardui\.m2\repository\io\jenetics\jpx\3.0.1\jpx-3.0.1.jar;C:\Users\ardui\.m2\repository\org\apache\flink\flink-connector-kafka\3.0.1-1.18\flink-connector-kafka-3.0.1-1.18.jar;C:\Users\ardui\.m2\repository\org\apache\flink\flink-connector-base\1.17.0\flink-connector-base-1.17.0.jar;C:\Users\ardui\.m2\repository\com\fasterxml\jackson\core\jackson-core\2.15.2\jackson-core-2.15.2.jar;C:\Users\ardui\.m2\repository\com\fasterxml\jackson\datatype\jackson-datatype-jsr310\2.15.2\jackson-datatype-jsr310-2.15.2.jar;C:\Users\ardui\.m2\repository\com\fasterxml\jackson\datatype\jackson-datatype-jdk8\2.15.2\jackson-datatype-jdk8-2.15.2.jar;C:\Users\ardui\.m2\repository\org\apache\flink\flink-streaming-java\1.18.0\flink-streaming-java-1.18.0.jar;C:\Users\ardui\.m2\repository\org\apache\flink\flink-core\1.18.0\flink-core-1.18.0.jar;C:\Users\ardui\.m2\repository\org\apache\flink\flink-annotations\1.18.0\flink-annotations-1.18.0.jar;C:\Users\ardui\.m2\repository\org\apache\flink\flink-metrics-core\1.18.0\flink-metrics-core-1.18.0.jar;C:\Users\ardui\.m2\repository\org\apache\flink\flink-shaded-asm-9\9.5-17.0\flink-shaded-asm-9-9.5-17.0.jar;C:\Users\ardui\.m2\repository\org\apache\flink\flink-shaded-jackson\2.14.2-17.0\flink-shaded-jackson-2.14.2-17.0.jar;C:\Users\ardui\.m2\repository\org\apache\commons\commons-lang3\3.12.0\commons-lang3-3.12.0.jar;C:\Users\ardui\.m2\repository\org\apache\commons\commons-text\1.10.0\commons-text-1.10.0.jar;C:\Users\ardui\.m2\repository\com\esotericsoftware\kryo\kryo\2.24.0\kryo-2.24.0.jar;C:\Users\ardui\.m2\repository\com\esotericsoftware\minlog\minlog\1.2\minlog-1.2.jar;C:\Users\ardui\.m2\repository\org\objenesis\objenesis\2.1\objenesis-2.1.jar;C:\Users\ardui\.m2\repository\commons-collections\commons-collections\3.2.2\commons-collections-3.2.2.jar;C:\Users\ardui\.m2\repository\org\apache\flink\flink-file-sink-common\1.18.0\flink-file-sink-common-1.18.0.jar;C:\Users\ardui\.m2\repository\org\apache\flink\flink-runtime\1.18.0\flink-runtime-1.18.0.jar;C:\Users\ardui\.m2\repository\org\apache\flink\flink-rpc-core\1.18.0\flink-rpc-core-1.18.0.jar;C:\Users\ardui\.m2\repository\org\apache\flink\flink-rpc-akka-loader\1.18.0\flink-rpc-akka-loader-1.18.0.jar;C:\Users\ardui\.m2\repository\org\apache\flink\flink-queryable-state-client-java\1.18.0\flink-queryable-state-client-java-1.18.0.jar;C:\Users\ardui\.m2\repository\org\apache\flink\flink-hadoop-fs\1.18.0\flink-hadoop-fs-1.18.0.jar;C:\Users\ardui\.m2\repository\commons-io\commons-io\2.11.0\commons-io-2.11.0.jar;C:\Users\ardui\.m2\repository\org\apache\flink\flink-shaded-netty\4.1.91.Final-17.0\flink-shaded-netty-4.1.91.Final-17.0.jar;C:\Users\ardui\.m2\repository\org\apache\flink\flink-shaded-zookeeper-3\3.7.1-17.0\flink-shaded-zookeeper-3-3.7.1-17.0.jar;C:\Users\ardui\.m2\repository\commons-cli\commons-cli\1.5.0\commons-cli-1.5.0.jar;C:\Users\ardui\.m2\repository\org\javassist\javassist\3.24.0-GA\javassist-3.24.0-GA.jar;C:\Users\ardui\.m2\repository\org\apache\flink\flink-java\1.18.0\flink-java-1.18.0.jar;C:\Users\ardui\.m2\repository\com\twitter\chill-java\0.7.6\chill-java-0.7.6.jar;C:\Users\ardui\.m2\repository\org\apache\flink\flink-shaded-guava\31.1-jre-17.0\flink-shaded-guava-31.1-jre-17.0.jar;C:\Users\ardui\.m2\repository\org\apache\commons\commons-math3\3.6.1\commons-math3-3.6.1.jar;C:\Users\ardui\.m2\repository\com\google\code\findbugs\jsr305\1.3.9\jsr305-1.3.9.jar;C:\Users\ardui\.m2\repository\org\projectlombok\lombok\1.18.30\lombok-1.18.30.jar;C:\Users\ardui\.m2\repository\org\apache\kafka\kafka-clients\3.6.0\kafka-clients-3.6.0.jar;C:\Users\ardui\.m2\repository\com\github\luben\zstd-jni\1.5.5-1\zstd-jni-1.5.5-1.jar;C:\Users\ardui\.m2\repository\org\lz4\lz4-java\1.8.0\lz4-java-1.8.0.jar;C:\Users\ardui\.m2\repository\org\xerial\snappy\snappy-java\1.1.10.4\snappy-java-1.1.10.4.jar;C:\Users\ardui\.m2\repository\org\apache\flink\flink-json\1.18.0\flink-json-1.18.0.jar;C:\Users\ardui\.m2\repository\org\testcontainers\testcontainers\1.17.6\testcontainers-1.17.6.jar;C:\Users\ardui\.m2\repository\junit\junit\4.13.2\junit-4.13.2.jar;C:\Users\ardui\.m2\repository\org\hamcrest\hamcrest-core\1.3\hamcrest-core-1.3.jar;C:\Users\ardui\.m2\repository\org\apache\commons\commons-compress\1.22\commons-compress-1.22.jar;C:\Users\ardui\.m2\repository\org\rnorth\duct-tape\duct-tape\1.0.8\duct-tape-1.0.8.jar;C:\Users\ardui\.m2\repository\org\jetbrains\annotations\17.0.0\annotations-17.0.0.jar;C:\Users\ardui\.m2\repository\com\github\docker-java\docker-java-api\3.2.13\docker-java-api-3.2.13.jar;C:\Users\ardui\.m2\repository\com\github\docker-java\docker-java-transport-zerodep\3.2.13\docker-java-transport-zerodep-3.2.13.jar;C:\Users\ardui\.m2\repository\com\github\docker-java\docker-java-transport\3.2.13\docker-java-transport-3.2.13.jar;C:\Users\ardui\.m2\repository\net\java\dev\jna\jna\5.8.0\jna-5.8.0.jar;C:\Users\ardui\.m2\repository\org\json\json\20231013\json-20231013.jar;C:\Users\ardui\.m2\repository\com\fasterxml\jackson\core\jackson-databind\2.16.0\jackson-databind-2.16.0.jar;C:\Users\ardui\.m2\repository\com\fasterxml\jackson\core\jackson-annotations\2.16.0\jackson-annotations-2.16.0.jar;"/>
    <property name="sun.cpu.endian" value="little"/>
    <property name="user.home" value="C:\Users\ardui"/>
    <property name="user.language" value="it"/>
    <property name="java.specification.vendor" value="Oracle Corporation"/>
    <property name="java.version.date" value="2023-10-17"/>
    <property name="java.home" value="C:\Program Files\Java\jdk-21"/>
    <property name="file.separator" value="\"/>
    <property name="basedir" value="C:\Users\ardui\Documents\GitHub\DSMT-Project\flink-processor\violation-detector"/>
    <property name="java.vm.compressedOopsMode" value="Zero based"/>
    <property name="line.separator" value="&#10;"/>
    <property name="java.vm.specification.vendor" value="Oracle Corporation"/>
    <property name="java.specification.name" value="Java Platform API Specification"/>
    <property name="surefire.real.class.path" value="C:\Users\ardui\AppData\Local\Temp\surefire16727607756496411554\surefirebooter-20240128213246550_3.jar"/>
    <property name="user.script" value=""/>
    <property name="sun.management.compiler" value="HotSpot 64-Bit Tiered Compilers"/>
    <property name="java.runtime.version" value="21.0.1+12-LTS-29"/>
    <property name="user.name" value="ardui"/>
    <property name="stdout.encoding" value="Cp1252"/>
    <property name="path.separator" value=";"/>
    <property name="os.version" value="10.0"/>
    <property name="java.runtime.name" value="Java(TM) SE Runtime Environment"/>
    <property name="file.encoding" value="UTF-8"/>
    <property name="java.vm.name" value="Java HotSpot(TM) 64-Bit Server VM"/>
    <property name="localRepository" value="C:\Users\ardui\.m2\repository"/>
    <property name="java.vendor.url.bug" value="https://bugreport.java.com/bugreport/"/>
    <property name="java.io.tmpdir" value="C:\Users\ardui\AppData\Local\Temp\"/>
    <property name="java.version" value="21.0.1"/>
    <property name="user.dir" value="C:\Users\ardui\Documents\GitHub\DSMT-Project\flink-processor\violation-detector"/>
    <property name="os.arch" value="amd64"/>
    <property name="java.vm.specification.name" value="Java Virtual Machine Specification"/>
    <property name="sun.os.patch.level" value=""/>
    <property name="native.encoding" value="Cp1252"/>
    <property name="java.library.path" value="C:\Program Files\Java\jdk-21\bin;C:\WINDOWS\Sun\Java\bin;C:\WINDOWS\system32;C:\WINDOWS;C:\Program Files\Common Files\Oracle\Java\javapath;C:\Windows\system32;C:\Windows;C:\Windows\System32\Wbem;C:\Windows\System32\WindowsPowerShell\v1.0\;C:\Windows\System32\OpenSSH\;C:\Program Files (x86)\NVIDIA Corporation\PhysX\Common;C:\Program Files\NVIDIA Corporation\NVIDIA NvDLISR;C:\WINDOWS\system32;C:\WINDOWS;C:\WINDOWS\System32\Wbem;C:\WINDOWS\System32\WindowsPowerShell\v1.0\;C:\WINDOWS\System32\OpenSSH\;C:\Program Files\dotnet\;C:\Program Files (x86)\dotnet\;C:\Program Files\MATLAB\R2023b\bin;;C:\Program Files\Docker\Docker\resources\bin;C:\Users\ardui\AppData\Local\Microsoft\WindowsApps;C:\Users\ardui\AppData\Local\Programs\Microsoft VS Code\bin;C:\Users\ardui\AppData\Local\GitHubDesktop\bin;C:\Program Files\JetBrains\CLion 2022.3\bin\mingw\bin;C:\Program Files\JetBrains\IntelliJ IDEA 2023.1\plugins\maven\lib\maven3\bin;C:\Program Files\Java\jdk-21\bin;C:\Program Files\Erlang OTP\bin;C:\Program Files\glassfish7\bin;C:\Program Files\MongoDB\Server\7.0\bin;C:\Users\ardui\AppData\Local\Programs\mongosh;C:\Program Files\neo4j-community-5.14.0\bin;;."/>
    <property name="java.vm.info" value="mixed mode, sharing"/>
    <property name="stderr.encoding" value="Cp1252"/>
    <property name="java.vendor" value="Oracle Corporation"/>
    <property name="java.vm.version" value="21.0.1+12-LTS-29"/>
    <property name="sun.io.unicode.encoding" value="UnicodeLittle"/>
    <property name="java.class.version" value="65.0"/>
  </properties>
  <testcase name="testApp" classname="it.unipi.dsmt.MainTest" time="0.003"/>
</testsuite>